<?xml version="1.0" encoding="UTF-8"?>
<testng-results ignored="1" total="2" passed="0" failed="1" skipped="0">
  <reporter-output>
  </reporter-output>
  <suite started-at="2023-01-12T12:13:10 IST" name="Default suite" finished-at="2023-01-12T12:13:33 IST" duration-ms="22564">
    <groups>
    </groups>
    <test started-at="2023-01-12T12:13:10 IST" name="Default test" finished-at="2023-01-12T12:13:33 IST" duration-ms="22564">
      <class name="tests.SauceE2ETests">
        <test-method is-config="true" signature="setup()[pri:0, instance:tests.SauceE2ETests@543295b0]" started-at="2023-01-12T12:13:10 IST" name="setup" finished-at="2023-01-12T12:13:28 IST" duration-ms="17485" status="PASS">
          <reporter-output>
          </reporter-output>
        </test-method> <!-- setup -->
        <test-method signature="verifyProductsAddedToCartTest()[pri:0, instance:tests.SauceE2ETests@543295b0]" started-at="2023-01-12T12:13:28 IST" name="verifyProductsAddedToCartTest" finished-at="2023-01-12T12:13:31 IST" duration-ms="3389" status="FAIL">
          <exception class="java.lang.AssertionError">
            <message>
              <![CDATA[expected [45.98] but found [79.98]]]>
            </message>
            <full-stacktrace>
              <![CDATA[java.lang.AssertionError: expected [45.98] but found [79.98]
at org.testng.Assert.fail(Assert.java:110)
at org.testng.Assert.failNotEquals(Assert.java:1577)
at org.testng.Assert.assertEquals(Assert.java:727)
at org.testng.Assert.assertEquals(Assert.java:774)
at tests.SauceE2ETests.verifyProductsAddedToCartTest(SauceE2ETests.java:72)
at java.base/jdk.internal.reflect.NativeMethodAccessorImpl.invoke0(Native Method)
at java.base/jdk.internal.reflect.NativeMethodAccessorImpl.invoke(NativeMethodAccessorImpl.java:62)
at java.base/jdk.internal.reflect.DelegatingMethodAccessorImpl.invoke(DelegatingMethodAccessorImpl.java:43)
at java.base/java.lang.reflect.Method.invoke(Method.java:566)
at org.testng.internal.invokers.MethodInvocationHelper.invokeMethod(MethodInvocationHelper.java:139)
at org.testng.internal.invokers.TestInvoker.invokeMethod(TestInvoker.java:677)
at org.testng.internal.invokers.TestInvoker.invokeTestMethod(TestInvoker.java:221)
at org.testng.internal.invokers.MethodRunner.runInSequence(MethodRunner.java:50)
at org.testng.internal.invokers.TestInvoker$MethodInvocationAgent.invoke(TestInvoker.java:969)
at org.testng.internal.invokers.TestInvoker.invokeTestMethods(TestInvoker.java:194)
at org.testng.internal.invokers.TestMethodWorker.invokeTestMethods(TestMethodWorker.java:148)
at org.testng.internal.invokers.TestMethodWorker.run(TestMethodWorker.java:128)
at java.base/java.util.ArrayList.forEach(ArrayList.java:1541)
at org.testng.TestRunner.privateRun(TestRunner.java:829)
at org.testng.TestRunner.run(TestRunner.java:602)
at org.testng.SuiteRunner.runTest(SuiteRunner.java:437)
at org.testng.SuiteRunner.runSequentially(SuiteRunner.java:431)
at org.testng.SuiteRunner.privateRun(SuiteRunner.java:391)
at org.testng.SuiteRunner.run(SuiteRunner.java:330)
at org.testng.SuiteRunnerWorker.runSuite(SuiteRunnerWorker.java:52)
at org.testng.SuiteRunnerWorker.run(SuiteRunnerWorker.java:95)
at org.testng.TestNG.runSuitesSequentially(TestNG.java:1256)
at org.testng.TestNG.runSuitesLocally(TestNG.java:1176)
at org.testng.TestNG.runSuites(TestNG.java:1099)
at org.testng.TestNG.run(TestNG.java:1067)
at org.testng.remote.AbstractRemoteTestNG.run(AbstractRemoteTestNG.java:115)
at org.testng.remote.RemoteTestNG.initAndRun(RemoteTestNG.java:251)
at org.testng.remote.RemoteTestNG.main(RemoteTestNG.java:77)
]]>
            </full-stacktrace>
          </exception> <!-- java.lang.AssertionError -->
          <reporter-output>
          </reporter-output>
        </test-method> <!-- verifyProductsAddedToCartTest -->
        <test-method is-config="true" signature="tearDown()[pri:0, instance:tests.SauceE2ETests@543295b0]" started-at="2023-01-12T12:13:31 IST" name="tearDown" finished-at="2023-01-12T12:13:33 IST" duration-ms="1442" status="PASS">
          <reporter-output>
          </reporter-output>
        </test-method> <!-- tearDown -->
      </class> <!-- tests.SauceE2ETests -->
    </test> <!-- Default test -->
  </suite> <!-- Default suite -->
</testng-results>
